# JRE version: OpenJDK Runtime Environment (8.0_42-b03) (build 1.8.0_42-b03)
# Java VM: OpenJDK Client VM (25.40-b25 mixed mode windows-x86 )
Heap:
 def new generation   total 4992K, used 912K [0x05600000, 0x05b60000, 0x0ab50000)
  eden space 4480K,  20% used [0x05600000, 0x056e4018, 0x05a60000)
  from space 512K,   0% used [0x05a60000, 0x05a60000, 0x05ae0000)
  to   space 512K,   0% used [0x05ae0000, 0x05ae0000, 0x05b60000)
 tenured generation   total 10944K, used 5339K [0x0ab50000, 0x0b600000, 0x15600000)
   the space 10944K,  48% used [0x0ab50000, 0x0b086c80, 0x0b086e00, 0x0b600000)
 Metaspace       used 11606K, capacity 12376K, committed 12416K, reserved 12672K
GC Heap History (10 events):
Event: 1.306 GC heap before
{Heap before GC invocations=14 (full 0):
 def new generation   total 4928K, used 4928K [0x05600000, 0x05b50000, 0x0ab50000)
  eden space 4416K, 100% used [0x05600000, 0x05a50000, 0x05a50000)
  from space 512K, 100% used [0x05a50000, 0x05ad0000, 0x05ad0000)
  to   space 512K,   0% used [0x05ad0000, 0x05ad0000, 0x05b50000)
 tenured generation   total 10944K, used 6003K [0x0ab50000, 0x0b600000, 0x15600000)
   the space 10944K,  54% used [0x0ab50000, 0x0b12cdd0, 0x0b12ce00, 0x0b600000)
 Metaspace       used 10355K, capacity 10972K, committed 11008K, reserved 11648K
Event: 1.309 GC heap after
Heap after GC invocations=15 (full 0):
 def new generation   total 4928K, used 511K [0x05600000, 0x05b50000, 0x0ab50000)
  eden space 4416K,   0% used [0x05600000, 0x05600000, 0x05a50000)
  from space 512K,  99% used [0x05ad0000, 0x05b4fc28, 0x05b50000)
  to   space 512K,   0% used [0x05a50000, 0x05a50000, 0x05ad0000)
 tenured generation   total 10944K, used 6526K [0x0ab50000, 0x0b600000, 0x15600000)
   the space 10944K,  59% used [0x0ab50000, 0x0b1af8a0, 0x0b1afa00, 0x0b600000)
 Metaspace       used 10355K, capacity 10972K, committed 11008K, reserved 11648K
}
Event: 1.380 GC heap before
{Heap before GC invocations=15 (full 0):
 def new generation   total 4928K, used 4927K [0x05600000, 0x05b50000, 0x0ab50000)
  eden space 4416K, 100% used [0x05600000, 0x05a50000, 0x05a50000)
  from space 512K,  99% used [0x05ad0000, 0x05b4fc28, 0x05b50000)
  to   space 512K,   0% used [0x05a50000, 0x05a50000, 0x05ad0000)
 tenured generation   total 10944K, used 6526K [0x0ab50000, 0x0b600000, 0x15600000)
   the space 10944K,  59% used [0x0ab50000, 0x0b1af8a0, 0x0b1afa00, 0x0b600000)
 Metaspace       used 10685K, capacity 11349K, committed 11392K, reserved 11648K
Event: 1.383 GC heap after
Heap after GC invocations=16 (full 0):
 def new generation   total 4928K, used 512K [0x05600000, 0x05b50000, 0x0ab50000)
  eden space 4416K,   0% used [0x05600000, 0x05600000, 0x05a50000)
  from space 512K, 100% used [0x05a50000, 0x05ad0000, 0x05ad0000)
  to   space 512K,   0% used [0x05ad0000, 0x05ad0000, 0x05b50000)
 tenured generation   total 10944K, used 6901K [0x0ab50000, 0x0b600000, 0x15600000)
   the space 10944K,  63% used [0x0ab50000, 0x0b20d460, 0x0b20d600, 0x0b600000)
 Metaspace       used 10685K, capacity 11349K, committed 11392K, reserved 11648K
}
Event: 1.474 GC heap before
{Heap before GC invocations=16 (full 0):
 def new generation   total 4928K, used 4928K [0x05600000, 0x05b50000, 0x0ab50000)
  eden space 4416K, 100% used [0x05600000, 0x05a50000, 0x05a50000)
  from space 512K, 100% used [0x05a50000, 0x05ad0000, 0x05ad0000)
  to   space 512K,   0% used [0x05ad0000, 0x05ad0000, 0x05b50000)
 tenured generation   total 10944K, used 6901K [0x0ab50000, 0x0b600000, 0x15600000)
   the space 10944K,  63% used [0x0ab50000, 0x0b20d460, 0x0b20d600, 0x0b600000)
 Metaspace       used 11092K, capacity 11755K, committed 11776K, reserved 12672K
Event: 1.477 GC heap after
Heap after GC invocations=17 (full 0):
 def new generation   total 4928K, used 511K [0x05600000, 0x05b50000, 0x0ab50000)
  eden space 4416K,   0% used [0x05600000, 0x05600000, 0x05a50000)
  from space 512K,  99% used [0x05ad0000, 0x05b4fff8, 0x05b50000)
  to   space 512K,   0% used [0x05a50000, 0x05a50000, 0x05ad0000)
 tenured generation   total 10944K, used 7241K [0x0ab50000, 0x0b600000, 0x15600000)
   the space 10944K,  66% used [0x0ab50000, 0x0b2627f0, 0x0b262800, 0x0b600000)
 Metaspace       used 11092K, capacity 11755K, committed 11776K, reserved 12672K
}
Event: 1.545 GC heap before
{Heap before GC invocations=17 (full 0):
 def new generation   total 4928K, used 4927K [0x05600000, 0x05b50000, 0x0ab50000)
  eden space 4416K, 100% used [0x05600000, 0x05a50000, 0x05a50000)
  from space 512K,  99% used [0x05ad0000, 0x05b4fff8, 0x05b50000)
  to   space 512K,   0% used [0x05a50000, 0x05a50000, 0x05ad0000)
 tenured generation   total 10944K, used 7241K [0x0ab50000, 0x0b600000, 0x15600000)
   the space 10944K,  66% used [0x0ab50000, 0x0b2627f0, 0x0b262800, 0x0b600000)
 Metaspace       used 11389K, capacity 12097K, committed 12160K, reserved 12672K
Event: 1.549 GC heap after
Heap after GC invocations=18 (full 0):
 def new generation   total 4928K, used 512K [0x05600000, 0x05b50000, 0x0ab50000)
  eden space 4416K,   0% used [0x05600000, 0x05600000, 0x05a50000)
  from space 512K, 100% used [0x05a50000, 0x05ad0000, 0x05ad0000)
  to   space 512K,   0% used [0x05ad0000, 0x05ad0000, 0x05b50000)
 tenured generation   total 10944K, used 7487K [0x0ab50000, 0x0b600000, 0x15600000)
   the space 10944K,  68% used [0x0ab50000, 0x0b29fc88, 0x0b29fe00, 0x0b600000)
 Metaspace       used 11389K, capacity 12097K, committed 12160K, reserved 12672K
}
Event: 1.609 GC heap before
{Heap before GC invocations=18 (full 0):
 def new generation   total 4928K, used 3339K [0x05600000, 0x05b50000, 0x0ab50000)
  eden space 4416K,  64% used [0x05600000, 0x058c2df8, 0x05a50000)
  from space 512K, 100% used [0x05a50000, 0x05ad0000, 0x05ad0000)
  to   space 512K,   0% used [0x05ad0000, 0x05ad0000, 0x05b50000)
 tenured generation   total 10944K, used 7487K [0x0ab50000, 0x0b600000, 0x15600000)
   the space 10944K,  68% used [0x0ab50000, 0x0b29fc88, 0x0b29fe00, 0x0b600000)
 Metaspace       used 11514K, capacity 12268K, committed 12288K, reserved 12672K
Event: 1.640 GC heap after
Heap after GC invocations=19 (full 1):
 def new generation   total 4992K, used 0K [0x05600000, 0x05b60000, 0x0ab50000)
  eden space 4480K,   0% used [0x05600000, 0x05600000, 0x05a60000)
  from space 512K,   0% used [0x05a60000, 0x05a60000, 0x05ae0000)
  to   space 512K,   0% used [0x05ae0000, 0x05ae0000, 0x05b60000)
 tenured generation   total 10944K, used 5339K [0x0ab50000, 0x0b600000, 0x15600000)
   the space 10944K,  48% used [0x0ab50000, 0x0b086c80, 0x0b086e00, 0x0b600000)
 Metaspace       used 11514K, capacity 12268K, committed 12288K, reserved 12672K
}

